[00:00:26] [Server thread/INFO]: Opped RompOrtos
[00:00:40] [Server thread/INFO]: RompOrTos issued server command: /gamemode creative
[00:00:40] [Server thread/INFO]: [RompOrTos: Set own game mode to Creative Mode]
[00:00:45] [Server thread/WARN]: Ignoring unknown attribute 'forge.swimSpeed'
[00:00:45] [Server thread/WARN]: Ignoring unknown attribute 'forge.swimSpeed'
[00:00:45] [Server thread/WARN]: Ignoring unknown attribute 'forge.swimSpeed'
[00:00:47] [Server thread/WARN]: Ignoring unknown attribute 'forge.swimSpeed'
[00:00:47] [Server thread/WARN]: Ignoring unknown attribute 'forge.swimSpeed'
[00:00:47] [Server thread/WARN]: Ignoring unknown attribute 'forge.swimSpeed'
[00:00:47] [Server thread/WARN]: Ignoring unknown attribute 'forge.swimSpeed'
[00:00:47] [Server thread/WARN]: Ignoring unknown attribute 'forge.swimSpeed'
[00:00:47] [Server thread/WARN]: Ignoring unknown attribute 'forge.swimSpeed'
[00:00:47] [Server thread/WARN]: Ignoring unknown attribute 'forge.swimSpeed'
[00:00:47] [Server thread/WARN]: Ignoring unknown attribute 'forge.swimSpeed'
[00:00:47] [Server thread/WARN]: Ignoring unknown attribute 'forge.swimSpeed'
[00:00:47] [Server thread/WARN]: Ignoring unknown attribute 'forge.swimSpeed'
[00:00:47] [Server thread/WARN]: Ignoring unknown attribute 'forge.swimSpeed'
[00:00:47] [Server thread/WARN]: Ignoring unknown attribute 'forge.swimSpeed'
[00:00:47] [Server thread/WARN]: Ignoring unknown attribute 'forge.swimSpeed'
[00:00:47] [Server thread/WARN]: Ignoring unknown attribute 'forge.swimSpeed'
[00:00:47] [Server thread/WARN]: Ignoring unknown attribute 'forge.swimSpeed'
[00:00:47] [Server thread/WARN]: Ignoring unknown attribute 'forge.swimSpeed'
[00:00:47] [Server thread/WARN]: Ignoring unknown attribute 'forge.swimSpeed'
[00:00:51] [Server thread/WARN]: Ignoring unknown attribute 'forge.swimSpeed'
[00:00:51] [Server thread/WARN]: Ignoring unknown attribute 'forge.swimSpeed'
[00:00:51] [Server thread/WARN]: Ignoring unknown attribute 'forge.swimSpeed'
[00:00:51] [Server thread/WARN]: Ignoring unknown attribute 'forge.swimSpeed'
[00:00:52] [Server thread/WARN]: Ignoring unknown attribute 'forge.swimSpeed'
[00:00:52] [Server thread/WARN]: Ignoring unknown attribute 'forge.swimSpeed'
[00:00:52] [Server thread/WARN]: Ignoring unknown attribute 'forge.swimSpeed'
[00:00:52] [Server thread/WARN]: Ignoring unknown attribute 'forge.swimSpeed'
[00:00:52] [Server thread/WARN]: Ignoring unknown attribute 'forge.swimSpeed'
[00:00:52] [Server thread/WARN]: Ignoring unknown attribute 'forge.swimSpeed'
[00:00:52] [Server thread/WARN]: Ignoring unknown attribute 'forge.swimSpeed'
[00:00:52] [Server thread/WARN]: Ignoring unknown attribute 'forge.swimSpeed'
[00:00:52] [Server thread/WARN]: Ignoring unknown attribute 'forge.swimSpeed'
[00:00:52] [Server thread/WARN]: Ignoring unknown attribute 'forge.swimSpeed'
[00:00:52] [Server thread/WARN]: Ignoring unknown attribute 'forge.swimSpeed'
[00:00:52] [Server thread/WARN]: Ignoring unknown attribute 'forge.swimSpeed'
[00:00:52] [Server thread/WARN]: Ignoring unknown attribute 'forge.swimSpeed'
[00:00:53] [Server thread/WARN]: Ignoring unknown attribute 'forge.swimSpeed'
[00:00:53] [Server thread/WARN]: Ignoring unknown attribute 'forge.swimSpeed'
[00:00:53] [Server thread/WARN]: Ignoring unknown attribute 'forge.swimSpeed'
[00:00:53] [Server thread/WARN]: Ignoring unknown attribute 'forge.swimSpeed'
[00:00:53] [Server thread/WARN]: Ignoring unknown attribute 'forge.swimSpeed'
[00:00:53] [Server thread/WARN]: Ignoring unknown attribute 'forge.swimSpeed'
[00:00:53] [Server thread/WARN]: Ignoring unknown attribute 'forge.swimSpeed'
[00:00:53] [Server thread/WARN]: Ignoring unknown attribute 'forge.swimSpeed'
[00:00:53] [Server thread/WARN]: Ignoring unknown attribute 'forge.swimSpeed'
[00:00:53] [Server thread/WARN]: Ignoring unknown attribute 'forge.swimSpeed'
[00:00:53] [Server thread/WARN]: Ignoring unknown attribute 'forge.swimSpeed'
[00:00:53] [Server thread/WARN]: Ignoring unknown attribute 'forge.swimSpeed'
[00:00:53] [Server thread/WARN]: Ignoring unknown attribute 'forge.swimSpeed'
[00:00:53] [Server thread/WARN]: Ignoring unknown attribute 'forge.swimSpeed'
[00:00:53] [Server thread/WARN]: Ignoring unknown attribute 'forge.swimSpeed'
[00:00:53] [Server thread/WARN]: Ignoring unknown attribute 'forge.swimSpeed'
[00:00:53] [Server thread/WARN]: Ignoring unknown attribute 'forge.swimSpeed'
[00:00:53] [Server thread/WARN]: Ignoring unknown attribute 'forge.swimSpeed'
[00:00:53] [Server thread/WARN]: Ignoring unknown attribute 'forge.swimSpeed'
[00:00:53] [Server thread/WARN]: Ignoring unknown attribute 'forge.swimSpeed'
[00:00:53] [Server thread/WARN]: Ignoring unknown attribute 'forge.swimSpeed'
[00:00:54] [Server thread/WARN]: Ignoring unknown attribute 'forge.swimSpeed'
[00:00:54] [Server thread/WARN]: Ignoring unknown attribute 'forge.swimSpeed'
[00:00:54] [Server thread/WARN]: Ignoring unknown attribute 'forge.swimSpeed'
[00:00:55] [Server thread/WARN]: Ignoring unknown attribute 'forge.swimSpeed'
[00:00:55] [Server thread/WARN]: Ignoring unknown attribute 'forge.swimSpeed'
[00:00:55] [Server thread/WARN]: Ignoring unknown attribute 'forge.swimSpeed'
[00:00:55] [Server thread/WARN]: Ignoring unknown attribute 'forge.swimSpeed'
[00:00:55] [Server thread/WARN]: Ignoring unknown attribute 'forge.swimSpeed'
[00:00:58] [Server thread/WARN]: Ignoring unknown attribute 'forge.swimSpeed'
[00:00:58] [Server thread/WARN]: Ignoring unknown attribute 'forge.swimSpeed'
[00:00:58] [Server thread/WARN]: Ignoring unknown attribute 'forge.swimSpeed'
[00:00:58] [Server thread/WARN]: Ignoring unknown attribute 'forge.swimSpeed'
[00:00:58] [Server thread/WARN]: Ignoring unknown attribute 'forge.swimSpeed'
[00:00:58] [Server thread/WARN]: Ignoring unknown attribute 'forge.swimSpeed'
[00:00:58] [Server thread/WARN]: Ignoring unknown attribute 'forge.swimSpeed'
[00:00:58] [Server thread/WARN]: Ignoring unknown attribute 'forge.swimSpeed'
[00:00:58] [Server thread/WARN]: Ignoring unknown attribute 'forge.swimSpeed'
[00:00:58] [Server thread/WARN]: Ignoring unknown attribute 'forge.swimSpeed'
[00:00:58] [Server thread/WARN]: Ignoring unknown attribute 'forge.swimSpeed'
[00:00:58] [Server thread/WARN]: Ignoring unknown attribute 'forge.swimSpeed'
[00:00:58] [Server thread/WARN]: Ignoring unknown attribute 'forge.swimSpeed'
[00:00:58] [Server thread/WARN]: Ignoring unknown attribute 'forge.swimSpeed'
[00:00:58] [Server thread/WARN]: Ignoring unknown attribute 'forge.swimSpeed'
[00:00:58] [Server thread/WARN]: Ignoring unknown attribute 'forge.swimSpeed'
[00:00:59] [Server thread/WARN]: Ignoring unknown attribute 'forge.swimSpeed'
[00:00:59] [Server thread/WARN]: Ignoring unknown attribute 'forge.swimSpeed'
[00:00:59] [Server thread/WARN]: Ignoring unknown attribute 'forge.swimSpeed'
[00:00:59] [Server thread/WARN]: Ignoring unknown attribute 'forge.swimSpeed'
[00:00:59] [Server thread/WARN]: Ignoring unknown attribute 'forge.swimSpeed'
[00:00:59] [Server thread/WARN]: Ignoring unknown attribute 'forge.swimSpeed'
[00:00:59] [Server thread/WARN]: Ignoring unknown attribute 'forge.swimSpeed'
[00:00:59] [Server thread/WARN]: Ignoring unknown attribute 'forge.swimSpeed'
[00:00:59] [Server thread/WARN]: Ignoring unknown attribute 'forge.swimSpeed'
[00:00:59] [Server thread/WARN]: Ignoring unknown attribute 'forge.swimSpeed'
[00:00:59] [Server thread/WARN]: Ignoring unknown attribute 'forge.swimSpeed'
[00:00:59] [Server thread/WARN]: Ignoring unknown attribute 'forge.swimSpeed'
[00:00:59] [Server thread/WARN]: Ignoring unknown attribute 'forge.swimSpeed'
[00:00:59] [Server thread/WARN]: Ignoring unknown attribute 'forge.swimSpeed'
[00:01:07] [Server thread/WARN]: Ignoring unknown attribute 'forge.swimSpeed'
[00:01:07] [Server thread/WARN]: Ignoring unknown attribute 'forge.swimSpeed'
[00:01:07] [Server thread/WARN]: Ignoring unknown attribute 'forge.swimSpeed'
[00:01:07] [Server thread/WARN]: Ignoring unknown attribute 'forge.swimSpeed'
[00:01:07] [Server thread/WARN]: Ignoring unknown attribute 'forge.swimSpeed'
[00:01:07] [Server thread/WARN]: Ignoring unknown attribute 'forge.swimSpeed'
[00:01:07] [Server thread/WARN]: Ignoring unknown attribute 'forge.swimSpeed'
[00:01:07] [Server thread/WARN]: Ignoring unknown attribute 'forge.swimSpeed'
[00:01:07] [Server thread/WARN]: Ignoring unknown attribute 'forge.swimSpeed'
[00:01:07] [Server thread/WARN]: Ignoring unknown attribute 'forge.swimSpeed'
[00:01:07] [Server thread/WARN]: Ignoring unknown attribute 'forge.swimSpeed'
[00:01:07] [Server thread/WARN]: Ignoring unknown attribute 'forge.swimSpeed'
[00:01:07] [Server thread/WARN]: Ignoring unknown attribute 'forge.swimSpeed'
[00:01:07] [Server thread/WARN]: Ignoring unknown attribute 'forge.swimSpeed'
[00:01:07] [Server thread/WARN]: Ignoring unknown attribute 'forge.swimSpeed'
[00:01:07] [Server thread/WARN]: Ignoring unknown attribute 'forge.swimSpeed'
[00:01:07] [Server thread/WARN]: Ignoring unknown attribute 'forge.swimSpeed'
[00:01:07] [Server thread/WARN]: Ignoring unknown attribute 'forge.swimSpeed'
[00:01:07] [Server thread/WARN]: Ignoring unknown attribute 'forge.swimSpeed'
[00:01:07] [Server thread/WARN]: Ignoring unknown attribute 'forge.swimSpeed'
[00:01:07] [Server thread/WARN]: Ignoring unknown attribute 'forge.swimSpeed'
[00:01:07] [Server thread/WARN]: Ignoring unknown attribute 'forge.swimSpeed'
[00:01:07] [Server thread/WARN]: Ignoring unknown attribute 'forge.swimSpeed'
[00:01:07] [Server thread/WARN]: Ignoring unknown attribute 'forge.swimSpeed'
[00:01:07] [Server thread/WARN]: Ignoring unknown attribute 'forge.swimSpeed'
[00:01:07] [Server thread/WARN]: Ignoring unknown attribute 'forge.swimSpeed'
[00:09:59] [Server thread/INFO]: RompOrTos lost connection: Timed out
[00:09:59] [Server thread/INFO]: RompOrTos left the game
